<?xml version="1.0" encoding="UTF-8"?>
<!-- Generated by org.testng.reporters.JUnitReportReporter -->
<testsuite hostname="DESKTOP-7SJ24SJ" failures="0" tests="5" name="testSuite.TestInteractWithInputAndButtonFieldsSuite" time="11.715" errors="0" timestamp="2024-03-13T13:54:14 EET" skipped="0">
  <testcase classname="testSuite.TestInteractWithInputAndButtonFieldsSuite" name="openInputPage" time="1.419"/>
  <system-out/>
  <testcase classname="testSuite.TestInteractWithInputAndButtonFieldsSuite" name="openLetCodePage" time="1.284"/>
  <system-out/>
  <testcase classname="testSuite.TestInteractWithInputAndButtonFieldsSuite" name="InteractWithButtonPage" time="5.101"/>
  <system-out/>
  <testcase classname="testSuite.TestInteractWithInputAndButtonFieldsSuite" name="InteractWithInputPage" time="2.339"/>
  <system-out/>
  <testcase classname="testSuite.TestInteractWithInputAndButtonFieldsSuite" name="openButtonPage" time="1.572"/>
  <system-out/>
</testsuite> <!-- testSuite.TestInteractWithInputAndButtonFieldsSuite -->
