<?xml version="1.0" encoding="UTF-8"?>
<!-- Generated by org.testng.reporters.JUnitReportReporter -->
<testsuite hostname="DESKTOP-7SJ24SJ" failures="0" tests="5" name="testSuite.TestInteractWithInputAndButtonFieldsSuite" time="12.471" errors="0" timestamp="2024-03-13T14:17:25 EET" skipped="0">
  <testcase classname="testSuite.TestInteractWithInputAndButtonFieldsSuite" name="openInputPage" time="2.119"/>
  <system-out/>
  <testcase classname="testSuite.TestInteractWithInputAndButtonFieldsSuite" name="openLetCodePage" time="1.363"/>
  <system-out/>
  <testcase classname="testSuite.TestInteractWithInputAndButtonFieldsSuite" name="InteractWithButtonPage" time="5.071"/>
  <system-out/>
  <testcase classname="testSuite.TestInteractWithInputAndButtonFieldsSuite" name="InteractWithInputPage" time="2.360"/>
  <system-out/>
  <testcase classname="testSuite.TestInteractWithInputAndButtonFieldsSuite" name="openButtonPage" time="1.558"/>
  <system-out/>
</testsuite> <!-- testSuite.TestInteractWithInputAndButtonFieldsSuite -->
