<?xml version="1.0" encoding="UTF-8"?>
<!-- Generated by org.testng.reporters.JUnitReportReporter -->
<testsuite hostname="DESKTOP-7SJ24SJ" failures="0" tests="1" name="testRunner.TestRunner" time="12.785" errors="0" timestamp="2024-03-13T13:54:14 EET" skipped="0">
  <testcase classname="testRunner.TestRunner" name="runTestSuite" time="12.785"/>
  <system-out/>
</testsuite> <!-- testRunner.TestRunner -->
